0 info it worked if it ends with ok
1 verbose cli [ 'node', '/usr/local/bin/npm', 'update' ]
2 info using npm@2.9.1
3 info using node@v0.12.2
4 silly mapToRegistry name grunt
5 silly mapToRegistry using default registry
6 silly mapToRegistry registry https://registry.npmjs.org/
7 silly mapToRegistry uri https://registry.npmjs.org/grunt
8 silly mapToRegistry name grunt-contrib-jshint
9 silly mapToRegistry using default registry
10 silly mapToRegistry registry https://registry.npmjs.org/
11 silly mapToRegistry uri https://registry.npmjs.org/grunt-contrib-jshint
12 silly mapToRegistry name grunt-contrib-nodeunit
13 silly mapToRegistry using default registry
14 silly mapToRegistry registry https://registry.npmjs.org/
15 silly mapToRegistry uri https://registry.npmjs.org/grunt-contrib-nodeunit
16 silly mapToRegistry name grunt-contrib-ugliy
17 silly mapToRegistry using default registry
18 silly mapToRegistry registry https://registry.npmjs.org/
19 silly mapToRegistry uri https://registry.npmjs.org/grunt-contrib-ugliy
20 verbose request uri https://registry.npmjs.org/grunt-contrib-ugliy
21 verbose request no auth needed
22 info attempt registry request try #1 at 1:31:01 PM
23 verbose request id 9a47641f37998147
24 http request GET https://registry.npmjs.org/grunt-contrib-ugliy
25 verbose request uri https://registry.npmjs.org/grunt
26 verbose request no auth needed
27 info attempt registry request try #1 at 1:31:01 PM
28 verbose etag "SKC9V28NQ3C22GL988JGDB0Z"
29 http request GET https://registry.npmjs.org/grunt
30 verbose request uri https://registry.npmjs.org/grunt-contrib-jshint
31 verbose request no auth needed
32 info attempt registry request try #1 at 1:31:01 PM
33 verbose etag "78YPOE4J8VC0LL7JFRSMJCLCX"
34 http request GET https://registry.npmjs.org/grunt-contrib-jshint
35 verbose request uri https://registry.npmjs.org/grunt-contrib-nodeunit
36 verbose request no auth needed
37 info attempt registry request try #1 at 1:31:01 PM
38 verbose etag "2176G8IUVHRCYW51V2YOZIEF2"
39 http request GET https://registry.npmjs.org/grunt-contrib-nodeunit
40 http 304 https://registry.npmjs.org/grunt-contrib-jshint
41 silly get cb [ 304,
41 silly get   { date: 'Fri, 08 May 2015 17:31:02 GMT',
41 silly get     via: '1.1 varnish',
41 silly get     'cache-control': 'max-age=60',
41 silly get     etag: '"78YPOE4J8VC0LL7JFRSMJCLCX"',
41 silly get     age: '4',
41 silly get     connection: 'keep-alive',
41 silly get     'x-served-by': 'cache-iad2133-IAD',
41 silly get     'x-cache': 'HIT',
41 silly get     'x-cache-hits': '1',
41 silly get     'x-timer': 'S1431106262.041906,VS0,VE0',
41 silly get     vary: 'Accept' } ]
42 verbose etag https://registry.npmjs.org/grunt-contrib-jshint from cache
43 verbose get saving grunt-contrib-jshint to /Users/MacGregorThompson/.npm/registry.npmjs.org/grunt-contrib-jshint/.cache.json
44 http 304 https://registry.npmjs.org/grunt
45 silly get cb [ 304,
45 silly get   { date: 'Fri, 08 May 2015 17:31:02 GMT',
45 silly get     via: '1.1 varnish',
45 silly get     'last-modified': 'Fri, 08 May 2015 17:30:39 GMT',
45 silly get     'cache-control': 'max-age=60',
45 silly get     etag: '"SKC9V28NQ3C22GL988JGDB0Z"',
45 silly get     age: '39',
45 silly get     connection: 'keep-alive',
45 silly get     'x-served-by': 'cache-iad2138-IAD',
45 silly get     'x-cache': 'HIT',
45 silly get     'x-cache-hits': '2',
45 silly get     'x-timer': 'S1431106262.042873,VS0,VE0',
45 silly get     vary: 'Accept' } ]
46 verbose etag https://registry.npmjs.org/grunt from cache
47 verbose get saving grunt to /Users/MacGregorThompson/.npm/registry.npmjs.org/grunt/.cache.json
48 http 304 https://registry.npmjs.org/grunt-contrib-nodeunit
49 silly get cb [ 304,
49 silly get   { date: 'Fri, 08 May 2015 17:31:02 GMT',
49 silly get     via: '1.1 varnish',
49 silly get     'last-modified': 'Fri, 08 May 2015 17:31:02 GMT',
49 silly get     'cache-control': 'max-age=60',
49 silly get     etag: '"2176G8IUVHRCYW51V2YOZIEF2"',
49 silly get     age: '46',
49 silly get     connection: 'keep-alive',
49 silly get     'x-served-by': 'cache-iad2125-IAD',
49 silly get     'x-cache': 'HIT',
49 silly get     'x-cache-hits': '1',
49 silly get     'x-timer': 'S1431106262.053363,VS0,VE0',
49 silly get     vary: 'Accept' } ]
50 verbose etag https://registry.npmjs.org/grunt-contrib-nodeunit from cache
51 verbose get saving grunt-contrib-nodeunit to /Users/MacGregorThompson/.npm/registry.npmjs.org/grunt-contrib-nodeunit/.cache.json
52 http 404 https://registry.npmjs.org/grunt-contrib-ugliy
53 verbose headers { server: 'CouchDB/1.5.0 (Erlang OTP/R16B03)',
53 verbose headers   'content-type': 'application/json',
53 verbose headers   'cache-control': 'max-age=0',
53 verbose headers   'content-length': '51',
53 verbose headers   'accept-ranges': 'bytes',
53 verbose headers   date: 'Fri, 08 May 2015 17:31:02 GMT',
53 verbose headers   via: '1.1 varnish',
53 verbose headers   age: '0',
53 verbose headers   connection: 'keep-alive',
53 verbose headers   'x-served-by': 'cache-iad2124-IAD',
53 verbose headers   'x-cache': 'MISS',
53 verbose headers   'x-cache-hits': '0',
53 verbose headers   'x-timer': 'S1431106262.055531,VS0,VE89' }
54 silly get cb [ 404,
54 silly get   { server: 'CouchDB/1.5.0 (Erlang OTP/R16B03)',
54 silly get     'content-type': 'application/json',
54 silly get     'cache-control': 'max-age=0',
54 silly get     'content-length': '51',
54 silly get     'accept-ranges': 'bytes',
54 silly get     date: 'Fri, 08 May 2015 17:31:02 GMT',
54 silly get     via: '1.1 varnish',
54 silly get     age: '0',
54 silly get     connection: 'keep-alive',
54 silly get     'x-served-by': 'cache-iad2124-IAD',
54 silly get     'x-cache': 'MISS',
54 silly get     'x-cache-hits': '0',
54 silly get     'x-timer': 'S1431106262.055531,VS0,VE89' } ]
55 info outdated updating [ [ '/Users/MacGregorThompson/Desktop/GoFetchWeb/GoFetchMainSite',
55 info outdated     'grunt-contrib-nodeunit',
55 info outdated     undefined,
55 info outdated     '0.4.1',
55 info outdated     '0.4.1',
55 info outdated     '~0.4.1' ] ]
56 verbose install where, what [ '/Users/MacGregorThompson/Desktop/GoFetchWeb/GoFetchMainSite',
56 verbose install   [ 'grunt-contrib-nodeunit@0.4.1' ] ]
57 verbose install initial load of /Users/MacGregorThompson/Desktop/GoFetchWeb/GoFetchMainSite/package.json
58 verbose installManyTop reading scoped package data from /Users/MacGregorThompson/Desktop/GoFetchWeb/GoFetchMainSite/node_modules/grunt/package.json
59 verbose installManyTop reading scoped package data from /Users/MacGregorThompson/Desktop/GoFetchWeb/GoFetchMainSite/node_modules/grunt-contrib-jshint/package.json
60 verbose readDependencies loading dependencies from /Users/MacGregorThompson/Desktop/GoFetchWeb/GoFetchMainSite/package.json
61 silly cache add args [ 'grunt-contrib-nodeunit@0.4.1', null ]
62 verbose cache add spec grunt-contrib-nodeunit@0.4.1
63 silly cache add parsed spec { raw: 'grunt-contrib-nodeunit@0.4.1',
63 silly cache add   scope: null,
63 silly cache add   name: 'grunt-contrib-nodeunit',
63 silly cache add   rawSpec: '0.4.1',
63 silly cache add   spec: '0.4.1',
63 silly cache add   type: 'version' }
64 silly addNamed grunt-contrib-nodeunit@0.4.1
65 verbose addNamed "0.4.1" is a plain semver version for grunt-contrib-nodeunit
66 silly mapToRegistry name grunt-contrib-nodeunit
67 silly mapToRegistry using default registry
68 silly mapToRegistry registry https://registry.npmjs.org/
69 silly mapToRegistry uri https://registry.npmjs.org/grunt-contrib-nodeunit
70 verbose addNameVersion registry:https://registry.npmjs.org/grunt-contrib-nodeunit not in flight; fetching
71 verbose get https://registry.npmjs.org/grunt-contrib-nodeunit not expired, no request
72 silly cache afterAdd grunt-contrib-nodeunit@0.4.1
73 verbose afterAdd /Users/MacGregorThompson/.npm/grunt-contrib-nodeunit/0.4.1/package/package.json not in flight; writing
74 verbose afterAdd /Users/MacGregorThompson/.npm/grunt-contrib-nodeunit/0.4.1/package/package.json written
75 silly install resolved [ { name: 'grunt-contrib-nodeunit',
75 silly install resolved     description: 'Run Nodeunit unit tests.',
75 silly install resolved     version: '0.4.1',
75 silly install resolved     homepage: 'https://github.com/gruntjs/grunt-contrib-nodeunit',
75 silly install resolved     author: { name: 'Grunt Team', url: 'http://gruntjs.com/' },
75 silly install resolved     repository:
75 silly install resolved      { type: 'git',
75 silly install resolved        url: 'git://github.com/gruntjs/grunt-contrib-nodeunit.git' },
75 silly install resolved     bugs: { url: 'https://github.com/gruntjs/grunt-contrib-nodeunit/issues' },
75 silly install resolved     licenses: [ [Object] ],
75 silly install resolved     engines: { node: '>= 0.8.0' },
75 silly install resolved     scripts: { test: 'grunt test' },
75 silly install resolved     dependencies: { hooker: '~0.2.3', nodeunit: '~0.9.0' },
75 silly install resolved     devDependencies:
75 silly install resolved      { 'grunt-contrib-jshint': '~0.10.0',
75 silly install resolved        'grunt-contrib-internal': '~0.4.6',
75 silly install resolved        'grunt-contrib-clean': '~0.5.0',
75 silly install resolved        grunt: '~0.4.0',
75 silly install resolved        tap: '~0.4.6' },
75 silly install resolved     peerDependencies: { grunt: '~0.4.0' },
75 silly install resolved     keywords: [ 'gruntplugin' ],
75 silly install resolved     files: [ 'tasks', 'LICENSE-MIT' ],
75 silly install resolved     _id: 'grunt-contrib-nodeunit@0.4.1',
75 silly install resolved     dist:
75 silly install resolved      { shasum: '943393ee5d66b1cdadb49a9b23aaee44455095b2',
75 silly install resolved        tarball: 'http://registry.npmjs.org/grunt-contrib-nodeunit/-/grunt-contrib-nodeunit-0.4.1.tgz' },
75 silly install resolved     _from: 'grunt-contrib-nodeunit@0.4.1',
75 silly install resolved     _npmVersion: '1.3.26',
75 silly install resolved     _npmUser: { name: 'vladikoff', email: 'vlad@vladikoff.com' },
75 silly install resolved     maintainers: [ [Object], [Object], [Object], [Object], [Object], [Object] ],
75 silly install resolved     directories: {},
75 silly install resolved     _shasum: '943393ee5d66b1cdadb49a9b23aaee44455095b2',
75 silly install resolved     _resolved: 'https://registry.npmjs.org/grunt-contrib-nodeunit/-/grunt-contrib-nodeunit-0.4.1.tgz',
75 silly install resolved     readme: 'ERROR: No README data found!' } ]
76 info install grunt-contrib-nodeunit@0.4.1 into /Users/MacGregorThompson/Desktop/GoFetchWeb/GoFetchMainSite
77 info installOne grunt-contrib-nodeunit@0.4.1
78 verbose installOne of grunt-contrib-nodeunit to /Users/MacGregorThompson/Desktop/GoFetchWeb/GoFetchMainSite not in flight; installing
79 warn locking Error: EACCES, open '/Users/MacGregorThompson/.npm/_locks/grunt-contrib-nodeunit-d8641553d23d1391.lock'
79 warn locking     at Error (native)
79 warn locking  /Users/MacGregorThompson/.npm/_locks/grunt-contrib-nodeunit-d8641553d23d1391.lock failed { [Error: EACCES, open '/Users/MacGregorThompson/.npm/_locks/grunt-contrib-nodeunit-d8641553d23d1391.lock']
79 warn locking   errno: -13,
79 warn locking   code: 'EACCES',
79 warn locking   path: '/Users/MacGregorThompson/.npm/_locks/grunt-contrib-nodeunit-d8641553d23d1391.lock' }
80 verbose stack Error: Attempt to unlock /Users/MacGregorThompson/Desktop/GoFetchWeb/GoFetchMainSite/node_modules/grunt-contrib-nodeunit, which hasn't been locked
80 verbose stack     at unlock (/usr/local/lib/node_modules/npm/lib/utils/locker.js:66:11)
80 verbose stack     at cb (/usr/local/lib/node_modules/npm/lib/install.js:1015:5)
80 verbose stack     at /usr/local/lib/node_modules/npm/lib/install.js:1019:20
80 verbose stack     at /usr/local/lib/node_modules/npm/lib/utils/locker.js:40:9
80 verbose stack     at cb (/usr/local/lib/node_modules/npm/node_modules/lockfile/lockfile.js:149:38)
80 verbose stack     at /usr/local/lib/node_modules/npm/node_modules/lockfile/lockfile.js:177:38
80 verbose stack     at FSReqWrap.oncomplete (fs.js:95:15)
81 verbose cwd /Users/MacGregorThompson/Desktop/GoFetchWeb/GoFetchMainSite
82 error Darwin 14.3.0
83 error argv "node" "/usr/local/bin/npm" "update"
84 error node v0.12.2
85 error npm  v2.9.1
86 error Attempt to unlock /Users/MacGregorThompson/Desktop/GoFetchWeb/GoFetchMainSite/node_modules/grunt-contrib-nodeunit, which hasn't been locked
87 error If you need help, you may report this error at:
87 error     <https://github.com/npm/npm/issues>
88 verbose exit [ 1, true ]
